<Event xmlns='http://schemas.microsoft.com/win/2004/08/events/event'><System><Provider Name='Microsoft-Windows-Power-Troubleshooter' Guid='{cdc05e28-c449-49c6-b9d2-88cf761644df}'/><EventID>1</EventID><Version>3</Version><Level>4</Level><Task>0</Task><Opcode>0</Opcode><Keywords>0x8000000000000000</Keywords><TimeCreated SystemTime='2026-09-25T01:04:10.4031776Z'/><EventRecordID>13400</EventRecordID><Correlation ActivityID='[REDACTED]'/><Execution ProcessID='8220' ThreadID='3684'/><Channel>System</Channel><Computer>[LAB]</Computer><Security UserID='S-1-5-19'/></System><EventData><Data Name='SleepTime'>2026-09-25T01:01:36.6296984Z</Data><Data Name='WakeTime'>2026-09-25T01:04:08.9293602Z</Data><Data Name='SleepDuration'>2021</Data><Data Name='WakeDuration'>428</Data><Data Name='DriverInitDuration'>417</Data><Data Name='BiosInitDuration'>14529</Data><Data Name='HiberWriteDuration'>3473</Data><Data Name='HiberReadDuration'>2091</Data><Data Name='HiberPagesWritten'>316006</Data><Data Name='Attributes'>1979728129</Data><Data Name='TargetState'>5</Data><Data Name='EffectiveState'>5</Data><Data Name='WakeSourceType'>0</Data><Data Name='WakeSourceTextLength'>0</Data><Data Name='WakeSourceText'></Data><Data Name='WakeTimerOwnerLength'>0</Data><Data Name='WakeTimerContextLength'>0</Data><Data Name='NoMultiStageResumeReason'>0</Data><Data Name='WakeTimerOwner'></Data><Data Name='WakeTimerContext'></Data><Data Name='CheckpointDuration'>29</Data></EventData></Event>
<Event xmlns='http://schemas.microsoft.com/win/2004/08/events/event'><System><Provider Name='Microsoft-Windows-Kernel-Power' Guid='{331c3b3a-2005-44c2-ac5e-77220c37d6b4}'/><EventID>566</EventID><Version>0</Version><Level>4</Level><Task>268</Task><Opcode>0</Opcode><Keywords>0x8000000000000604</Keywords><TimeCreated SystemTime='2026-09-25T01:04:08.9313246Z'/><EventRecordID>13399</EventRecordID><Correlation/><Execution ProcessID='4' ThreadID='5444'/><Channel>System</Channel><Computer>[LAB]</Computer><Security/></System><EventData><Data Name='BootId'>121</Data><Data Name='Reason'>25</Data><Data Name='PreviousSessionId'>2</Data><Data Name='PreviousSessionType'>1</Data><Data Name='PreviousSessionDurationInUs'>11371</Data><Data Name='PreviousEnergyCapacityAtStart'>0</Data><Data Name='PreviousFullEnergyCapacityAtStart'>0</Data><Data Name='PreviousEnergyCapacityAtEnd'>0</Data><Data Name='PreviousFullEnergyCapacityAtEnd'>0</Data><Data Name='NextSessionId'>4</Data><Data Name='NextSessionType'>0</Data><Data Name='PowerStateAc'>true</Data><Data Name='MonitorReason'>25</Data></EventData></Event>
<Event xmlns='http://schemas.microsoft.com/win/2004/08/events/event'><System><Provider Name='Microsoft-Windows-Kernel-Power' Guid='{331c3b3a-2005-44c2-ac5e-77220c37d6b4}'/><EventID>566</EventID><Version>0</Version><Level>4</Level><Task>268</Task><Opcode>0</Opcode><Keywords>0x8000000000000604</Keywords><TimeCreated SystemTime='2026-09-25T01:04:08.9198093Z'/><EventRecordID>13398</EventRecordID><Correlation/><Execution ProcessID='4' ThreadID='4336'/><Channel>System</Channel><Computer>[LAB]</Computer><Security/></System><EventData><Data Name='BootId'>121</Data><Data Name='Reason'>20</Data><Data Name='PreviousSessionId'>1</Data><Data Name='PreviousSessionType'>3</Data><Data Name='PreviousSessionDurationInUs'>151399076</Data><Data Name='PreviousEnergyCapacityAtStart'>0</Data><Data Name='PreviousFullEnergyCapacityAtStart'>0</Data><Data Name='PreviousEnergyCapacityAtEnd'>0</Data><Data Name='PreviousFullEnergyCapacityAtEnd'>0</Data><Data Name='NextSessionId'>2</Data><Data Name='NextSessionType'>1</Data><Data Name='PowerStateAc'>true</Data><Data Name='MonitorReason'>20</Data></EventData></Event>
<Event xmlns='http://schemas.microsoft.com/win/2004/08/events/event'><System><Provider Name='Microsoft-Windows-Kernel-Boot' Guid='{15ca44ff-4d7a-4baa-bba5-0998955e531e}'/><EventID>32</EventID><Version>0</Version><Level>4</Level><Task>58</Task><Opcode>0</Opcode><Keywords>0x8000000000000000</Keywords><TimeCreated SystemTime='2026-09-25T01:04:08.9190483Z'/><EventRecordID>13397</EventRecordID><Correlation/><Execution ProcessID='4' ThreadID='4672'/><Channel>System</Channel><Computer>[LAB]</Computer><Security/></System><EventData><Data Name='BitlockerUserInputTime'>0</Data></EventData></Event>
<Event xmlns='http://schemas.microsoft.com/win/2004/08/events/event'><System><Provider Name='Microsoft-Windows-Kernel-Boot' Guid='{15ca44ff-4d7a-4baa-bba5-0998955e531e}'/><EventID>18</EventID><Version>0</Version><Level>4</Level><Task>57</Task><Opcode>0</Opcode><Keywords>0x8000000000000000</Keywords><TimeCreated SystemTime='2026-09-25T01:04:08.9189901Z'/><EventRecordID>13396</EventRecordID><Correlation/><Execution ProcessID='4' ThreadID='4672'/><Channel>System</Channel><Computer>[LAB]</Computer><Security/></System><EventData><Data Name='EntryCount'>2</Data></EventData></Event>
<Event xmlns='http://schemas.microsoft.com/win/2004/08/events/event'><System><Provider Name='Microsoft-Windows-Kernel-Boot' Guid='{15ca44ff-4d7a-4baa-bba5-0998955e531e}'/><EventID>30</EventID><Version>0</Version><Level>4</Level><Task>21</Task><Opcode>0</Opcode><Keywords>0x8000000000000000</Keywords><TimeCreated SystemTime='2026-09-25T01:04:08.9187586Z'/><EventRecordID>13395</EventRecordID><Correlation/><Execution ProcessID='4' ThreadID='4672'/><Channel>System</Channel><Computer>[LAB]</Computer><Security/></System><EventData><Data Name='ResetEndStart'>0</Data><Data Name='LoadOSImageStart'>14407</Data><Data Name='StartOSImageStart'>14411</Data><Data Name='ExitBootServicesEntry'>15182</Data><Data Name='ExitBootServicesExit'>15229</Data></EventData></Event>
<Event xmlns='http://schemas.microsoft.com/win/2004/08/events/event'><System><Provider Name='Microsoft-Windows-Kernel-Power' Guid='{331c3b3a-2005-44c2-ac5e-77220c37d6b4}'/><EventID>107</EventID><Version>1</Version><Level>4</Level><Task>102</Task><Opcode>0</Opcode><Keywords>0x8000000000000444</Keywords><TimeCreated SystemTime='2026-09-25T01:01:42.8641806Z'/><EventRecordID>13393</EventRecordID><Correlation/><Execution ProcessID='4' ThreadID='4672'/><Channel>System</Channel><Computer>[LAB]</Computer><Security/></System><EventData><Data Name='TargetState'>5</Data><Data Name='EffectiveState'>5</Data><Data Name='WakeFromState'>5</Data><Data Name='ProgrammedWakeTimeAc'>1601-01-01T00:00:00.0000000Z</Data><Data Name='ProgrammedWakeTimeDc'>1601-01-01T00:00:00.0000000Z</Data><Data Name='WakeRequesterTypeAc'>0</Data><Data Name='WakeRequesterTypeDc'>0</Data></EventData></Event>
<Event xmlns='http://schemas.microsoft.com/win/2004/08/events/event'><System><Provider Name='Microsoft-Windows-Kernel-Power' Guid='{331c3b3a-2005-44c2-ac5e-77220c37d6b4}'/><EventID>42</EventID><Version>3</Version><Level>4</Level><Task>64</Task><Opcode>0</Opcode><Keywords>0x8000000000000404</Keywords><TimeCreated SystemTime='2026-09-25T01:01:37.9538407Z'/><EventRecordID>13392</EventRecordID><Correlation/><Execution ProcessID='4' ThreadID='4672'/><Channel>System</Channel><Computer>[LAB]</Computer><Security/></System><EventData><Data Name='TargetState'>5</Data><Data Name='EffectiveState'>5</Data><Data Name='Reason'>4</Data><Data Name='Flags'>0</Data><Data Name='TransitionsToOn'>1</Data></EventData></Event>
<Event xmlns='http://schemas.microsoft.com/win/2004/08/events/event'><System><Provider Name='Microsoft-Windows-Kernel-Power' Guid='{331c3b3a-2005-44c2-ac5e-77220c37d6b4}'/><EventID>566</EventID><Version>0</Version><Level>4</Level><Task>268</Task><Opcode>0</Opcode><Keywords>0x8000000000000604</Keywords><TimeCreated SystemTime='2026-09-25T01:01:37.5207604Z'/><EventRecordID>13391</EventRecordID><Correlation/><Execution ProcessID='4' ThreadID='4420'/><Channel>System</Channel><Computer>[LAB]</Computer><Security UserID='S-1-5-18'/></System><EventData><Data Name='BootId'>121</Data><Data Name='Reason'>17</Data><Data Name='PreviousSessionId'>0</Data><Data Name='PreviousSessionType'>0</Data><Data Name='PreviousSessionDurationInUs'>3773997027</Data><Data Name='PreviousEnergyCapacityAtStart'>0</Data><Data Name='PreviousFullEnergyCapacityAtStart'>0</Data><Data Name='PreviousEnergyCapacityAtEnd'>0</Data><Data Name='PreviousFullEnergyCapacityAtEnd'>0</Data><Data Name='NextSessionId'>1</Data><Data Name='NextSessionType'>3</Data><Data Name='PowerStateAc'>true</Data><Data Name='MonitorReason'>17</Data></EventData></Event>
<Event xmlns='http://schemas.microsoft.com/win/2004/08/events/event'><System><Provider Name='Microsoft-Windows-Kernel-Power' Guid='{331c3b3a-2005-44c2-ac5e-77220c37d6b4}'/><EventID>187</EventID><Version>0</Version><Level>4</Level><Task>243</Task><Opcode>0</Opcode><Keywords>0x8000400000000404</Keywords><TimeCreated SystemTime='2026-09-25T01:01:36.6291262Z'/><EventRecordID>13390</EventRecordID><Correlation/><Execution ProcessID='10576' ThreadID='2080'/><Channel>System</Channel><Computer>[LAB]</Computer><Security UserID='S-1-5-18'/></System><EventData><Data Name='ApiCallerNameLength'>53</Data><Data Name='ApiCallerName'>\Device\HarddiskVolume3\Windows\System32\shutdown.exe</Data><Data Name='SystemAction'>3</Data><Data Name='LightestSystemState'>2</Data></EventData></Event>
